# JRE version: Java(TM) SE Runtime Environment (14.0.1+7) (build 14.0.1+7)
# Java VM: Java HotSpot(TM) 64-Bit Server VM (14.0.1+7, mixed mode, sharing, tiered, compressed oops, g1 gc, windows-amd64)
Heap:
 garbage-first heap   total 102400K, used 42559K [0x00000000a4200000, 0x0000000100000000)
  region size 1024K, 21 young (21504K), 5 survivors (5120K)
 Metaspace       used 40982K, capacity 42307K, committed 42620K, reserved 1085440K
  class space    used 5682K, capacity 6200K, committed 6268K, reserved 1048576K
GC Heap History (20 events):
Event: 3.161 GC heap before
{Heap before GC invocations=9 (full 0):
 garbage-first heap   total 61440K, used 45868K [0x00000000a4200000, 0x0000000100000000)
  region size 1024K, 36 young (36864K), 5 survivors (5120K)
 Metaspace       used 20914K, capacity 21668K, committed 21884K, reserved 1069056K
  class space    used 2854K, capacity 3153K, committed 3196K, reserved 1048576K
}
Event: 3.173 GC heap after
{Heap after GC invocations=10 (full 0):
 garbage-first heap   total 78848K, used 14942K [0x00000000a4200000, 0x0000000100000000)
  region size 1024K, 3 young (3072K), 3 survivors (3072K)
 Metaspace       used 20914K, capacity 21668K, committed 21884K, reserved 1069056K
  class space    used 2854K, capacity 3153K, committed 3196K, reserved 1048576K
}
Event: 3.390 GC heap before
{Heap before GC invocations=10 (full 0):
 garbage-first heap   total 78848K, used 58974K [0x00000000a4200000, 0x0000000100000000)
  region size 1024K, 46 young (47104K), 3 survivors (3072K)
 Metaspace       used 21115K, capacity 21867K, committed 22012K, reserved 1069056K
  class space    used 2890K, capacity 3196K, committed 3324K, reserved 1048576K
}
Event: 3.397 GC heap after
{Heap after GC invocations=11 (full 0):
 garbage-first heap   total 78848K, used 15451K [0x00000000a4200000, 0x0000000100000000)
  region size 1024K, 4 young (4096K), 4 survivors (4096K)
 Metaspace       used 21115K, capacity 21867K, committed 22012K, reserved 1069056K
  class space    used 2890K, capacity 3196K, committed 3324K, reserved 1048576K
}
Event: 3.549 GC heap before
{Heap before GC invocations=11 (full 0):
 garbage-first heap   total 78848K, used 58459K [0x00000000a4200000, 0x0000000100000000)
  region size 1024K, 46 young (47104K), 4 survivors (4096K)
 Metaspace       used 21234K, capacity 21949K, committed 22268K, reserved 1069056K
  class space    used 2912K, capacity 3199K, committed 3324K, reserved 1048576K
}
Event: 3.556 GC heap after
{Heap after GC invocations=12 (full 0):
 garbage-first heap   total 78848K, used 15579K [0x00000000a4200000, 0x0000000100000000)
  region size 1024K, 4 young (4096K), 4 survivors (4096K)
 Metaspace       used 21234K, capacity 21949K, committed 22268K, reserved 1069056K
  class space    used 2912K, capacity 3199K, committed 3324K, reserved 1048576K
}
Event: 4.028 GC heap before
{Heap before GC invocations=12 (full 0):
 garbage-first heap   total 78848K, used 58587K [0x00000000a4200000, 0x0000000100000000)
  region size 1024K, 46 young (47104K), 4 survivors (4096K)
 Metaspace       used 23883K, capacity 24801K, committed 25084K, reserved 1071104K
  class space    used 3315K, capacity 3684K, committed 3836K, reserved 1048576K
}
Event: 4.038 GC heap after
{Heap after GC invocations=13 (full 0):
 garbage-first heap   total 78848K, used 16415K [0x00000000a4200000, 0x0000000100000000)
  region size 1024K, 3 young (3072K), 3 survivors (3072K)
 Metaspace       used 23883K, capacity 24801K, committed 25084K, reserved 1071104K
  class space    used 3315K, capacity 3684K, committed 3836K, reserved 1048576K
}
Event: 4.576 GC heap before
{Heap before GC invocations=13 (full 0):
 garbage-first heap   total 78848K, used 60447K [0x00000000a4200000, 0x0000000100000000)
  region size 1024K, 46 young (47104K), 3 survivors (3072K)
 Metaspace       used 27188K, capacity 28340K, committed 28668K, reserved 1073152K
  class space    used 3791K, capacity 4236K, committed 4348K, reserved 1048576K
}
Event: 4.589 GC heap after
{Heap after GC invocations=14 (full 0):
 garbage-first heap   total 99328K, used 18543K [0x00000000a4200000, 0x0000000100000000)
  region size 1024K, 5 young (5120K), 5 survivors (5120K)
 Metaspace       used 27188K, capacity 28340K, committed 28668K, reserved 1073152K
  class space    used 3791K, capacity 4236K, committed 4348K, reserved 1048576K
}
Event: 4.791 GC heap before
{Heap before GC invocations=14 (full 0):
 garbage-first heap   total 99328K, used 71791K [0x00000000a4200000, 0x0000000100000000)
  region size 1024K, 58 young (59392K), 5 survivors (5120K)
 Metaspace       used 28651K, capacity 29767K, committed 30076K, reserved 1075200K
  class space    used 3951K, capacity 4391K, committed 4476K, reserved 1048576K
}
Event: 4.802 GC heap after
{Heap after GC invocations=15 (full 0):
 garbage-first heap   total 99328K, used 19849K [0x00000000a4200000, 0x0000000100000000)
  region size 1024K, 6 young (6144K), 6 survivors (6144K)
 Metaspace       used 28651K, capacity 29767K, committed 30076K, reserved 1075200K
  class space    used 3951K, capacity 4391K, committed 4476K, reserved 1048576K
}
Event: 5.136 GC heap before
{Heap before GC invocations=15 (full 0):
 garbage-first heap   total 99328K, used 72073K [0x00000000a4200000, 0x0000000100000000)
  region size 1024K, 58 young (59392K), 6 survivors (6144K)
 Metaspace       used 30384K, capacity 31552K, committed 31740K, reserved 1077248K
  class space    used 4116K, capacity 4558K, committed 4604K, reserved 1048576K
}
Event: 5.153 GC heap after
{Heap after GC invocations=16 (full 0):
 garbage-first heap   total 99328K, used 22318K [0x00000000a4200000, 0x0000000100000000)
  region size 1024K, 6 young (6144K), 6 survivors (6144K)
 Metaspace       used 30384K, capacity 31552K, committed 31740K, reserved 1077248K
  class space    used 4116K, capacity 4558K, committed 4604K, reserved 1048576K
}
Event: 5.426 GC heap before
{Heap before GC invocations=16 (full 0):
 garbage-first heap   total 99328K, used 75566K [0x00000000a4200000, 0x0000000100000000)
  region size 1024K, 58 young (59392K), 6 survivors (6144K)
 Metaspace       used 30855K, capacity 31962K, committed 32124K, reserved 1077248K
  class space    used 4177K, capacity 4630K, committed 4732K, reserved 1048576K
}
Event: 5.440 GC heap after
{Heap after GC invocations=17 (full 0):
 garbage-first heap   total 99328K, used 22555K [0x00000000a4200000, 0x0000000100000000)
  region size 1024K, 4 young (4096K), 4 survivors (4096K)
 Metaspace       used 30855K, capacity 31962K, committed 32124K, reserved 1077248K
  class space    used 4177K, capacity 4630K, committed 4732K, reserved 1048576K
}
Event: 6.234 GC heap before
{Heap before GC invocations=17 (full 0):
 garbage-first heap   total 99328K, used 64539K [0x00000000a4200000, 0x0000000100000000)
  region size 1024K, 46 young (47104K), 4 survivors (4096K)
 Metaspace       used 34623K, capacity 35874K, committed 35964K, reserved 1079296K
  class space    used 4717K, capacity 5207K, committed 5244K, reserved 1048576K
}
Event: 6.262 GC heap after
{Heap after GC invocations=18 (full 0):
 garbage-first heap   total 139264K, used 24010K [0x00000000a4200000, 0x0000000100000000)
  region size 1024K, 6 young (6144K), 6 survivors (6144K)
 Metaspace       used 34623K, capacity 35874K, committed 35964K, reserved 1079296K
  class space    used 4717K, capacity 5207K, committed 5244K, reserved 1048576K
}
Event: 7.553 GC heap before
{Heap before GC invocations=19 (full 0):
 garbage-first heap   total 102400K, used 78282K [0x00000000a4200000, 0x0000000100000000)
  region size 1024K, 60 young (61440K), 6 survivors (6144K)
 Metaspace       used 39866K, capacity 41187K, committed 41468K, reserved 1085440K
  class space    used 5513K, capacity 6041K, committed 6140K, reserved 1048576K
}
Event: 7.590 GC heap after
{Heap after GC invocations=20 (full 0):
 garbage-first heap   total 102400K, used 27199K [0x00000000a4200000, 0x0000000100000000)
  region size 1024K, 5 young (5120K), 5 survivors (5120K)
 Metaspace       used 39866K, capacity 41187K, committed 41468K, reserved 1085440K
  class space    used 5513K, capacity 6041K, committed 6140K, reserved 1048576K
}

