# JRE version: Java(TM) SE Runtime Environment (14.0.1+7) (build 14.0.1+7)
# Java VM: Java HotSpot(TM) 64-Bit Server VM (14.0.1+7, mixed mode, sharing, tiered, compressed oops, g1 gc, windows-amd64)
Heap:
 garbage-first heap   total 78848K, used 27733K [0x00000000a4200000, 0x0000000100000000)
  region size 1024K, 13 young (13312K), 4 survivors (4096K)
 Metaspace       used 32037K, capacity 33201K, committed 33456K, reserved 1077248K
  class space    used 4424K, capacity 4864K, committed 4864K, reserved 1048576K
GC Heap History (20 events):
Event: 2.152 GC heap before
{Heap before GC invocations=2 (full 0):
 garbage-first heap   total 94208K, used 25125K [0x00000000a4200000, 0x0000000100000000)
  region size 1024K, 19 young (19456K), 2 survivors (2048K)
 Metaspace       used 7856K, capacity 8216K, committed 8320K, reserved 1056768K
  class space    used 1015K, capacity 1136K, committed 1152K, reserved 1048576K
}
Event: 2.169 GC heap after
{Heap after GC invocations=3 (full 0):
 garbage-first heap   total 94208K, used 8495K [0x00000000a4200000, 0x0000000100000000)
  region size 1024K, 1 young (1024K), 1 survivors (1024K)
 Metaspace       used 7856K, capacity 8216K, committed 8320K, reserved 1056768K
  class space    used 1015K, capacity 1136K, committed 1152K, reserved 1048576K
}
Event: 3.993 GC heap before
{Heap before GC invocations=3 (full 0):
 garbage-first heap   total 94208K, used 59695K [0x00000000a4200000, 0x0000000100000000)
  region size 1024K, 52 young (53248K), 1 survivors (1024K)
 Metaspace       used 13655K, capacity 14133K, committed 14336K, reserved 1060864K
  class space    used 1831K, capacity 2022K, committed 2048K, reserved 1048576K
}
Event: 4.009 GC heap after
{Heap after GC invocations=4 (full 0):
 garbage-first heap   total 94208K, used 9940K [0x00000000a4200000, 0x0000000100000000)
  region size 1024K, 3 young (3072K), 3 survivors (3072K)
 Metaspace       used 13655K, capacity 14133K, committed 14336K, reserved 1060864K
  class space    used 1831K, capacity 2022K, committed 2048K, reserved 1048576K
}
Event: 6.697 GC heap before
{Heap before GC invocations=4 (full 0):
 garbage-first heap   total 94208K, used 63188K [0x00000000a4200000, 0x0000000100000000)
  region size 1024K, 55 young (56320K), 3 survivors (3072K)
 Metaspace       used 18679K, capacity 19469K, committed 19584K, reserved 1067008K
  class space    used 2573K, capacity 2851K, committed 2944K, reserved 1048576K
}
Event: 6.725 GC heap after
{Heap after GC invocations=5 (full 0):
 garbage-first heap   total 135168K, used 11523K [0x00000000a4200000, 0x0000000100000000)
  region size 1024K, 4 young (4096K), 4 survivors (4096K)
 Metaspace       used 18679K, capacity 19469K, committed 19584K, reserved 1067008K
  class space    used 2573K, capacity 2851K, committed 2944K, reserved 1048576K
}
Event: 8.227 GC heap before
{Heap before GC invocations=5 (full 0):
 garbage-first heap   total 135168K, used 37123K [0x00000000a4200000, 0x0000000100000000)
  region size 1024K, 31 young (31744K), 4 survivors (4096K)
 Metaspace       used 20380K, capacity 21137K, committed 21296K, reserved 1067008K
  class space    used 2809K, capacity 3108K, committed 3200K, reserved 1048576K
}
Event: 8.236 GC heap after
{Heap after GC invocations=6 (full 0):
 garbage-first heap   total 135168K, used 12452K [0x00000000a4200000, 0x0000000100000000)
  region size 1024K, 5 young (5120K), 5 survivors (5120K)
 Metaspace       used 20380K, capacity 21137K, committed 21296K, reserved 1067008K
  class space    used 2809K, capacity 3108K, committed 3200K, reserved 1048576K
}
Event: 9.906 GC heap before
{Heap before GC invocations=7 (full 0):
 garbage-first heap   total 65536K, used 46244K [0x00000000a4200000, 0x0000000100000000)
  region size 1024K, 38 young (38912K), 5 survivors (5120K)
 Metaspace       used 21019K, capacity 21798K, committed 21936K, reserved 1069056K
  class space    used 2910K, capacity 3220K, committed 3328K, reserved 1048576K
}
Event: 9.931 GC heap after
{Heap after GC invocations=8 (full 0):
 garbage-first heap   total 65536K, used 13445K [0x00000000a4200000, 0x0000000100000000)
  region size 1024K, 4 young (4096K), 4 survivors (4096K)
 Metaspace       used 21019K, capacity 21798K, committed 21936K, reserved 1069056K
  class space    used 2910K, capacity 3220K, committed 3328K, reserved 1048576K
}
Event: 11.052 GC heap before
{Heap before GC invocations=8 (full 0):
 garbage-first heap   total 65536K, used 48261K [0x00000000a4200000, 0x0000000100000000)
  region size 1024K, 38 young (38912K), 4 survivors (4096K)
 Metaspace       used 21235K, capacity 22064K, committed 22192K, reserved 1069056K
  class space    used 2943K, capacity 3260K, committed 3328K, reserved 1048576K
}
Event: 11.071 GC heap after
{Heap after GC invocations=9 (full 0):
 garbage-first heap   total 65536K, used 14054K [0x00000000a4200000, 0x0000000100000000)
  region size 1024K, 3 young (3072K), 3 survivors (3072K)
 Metaspace       used 21235K, capacity 22064K, committed 22192K, reserved 1069056K
  class space    used 2943K, capacity 3260K, committed 3328K, reserved 1048576K
}
Event: 12.127 GC heap before
{Heap before GC invocations=9 (full 0):
 garbage-first heap   total 65536K, used 49894K [0x00000000a4200000, 0x0000000100000000)
  region size 1024K, 38 young (38912K), 3 survivors (3072K)
 Metaspace       used 22133K, capacity 22933K, committed 23088K, reserved 1069056K
  class space    used 3076K, capacity 3373K, committed 3456K, reserved 1048576K
}
Event: 12.157 GC heap after
{Heap after GC invocations=10 (full 0):
 garbage-first heap   total 65536K, used 14437K [0x00000000a4200000, 0x0000000100000000)
  region size 1024K, 3 young (3072K), 3 survivors (3072K)
 Metaspace       used 22133K, capacity 22933K, committed 23088K, reserved 1069056K
  class space    used 3076K, capacity 3373K, committed 3456K, reserved 1048576K
}
Event: 13.686 GC heap before
{Heap before GC invocations=10 (full 0):
 garbage-first heap   total 65536K, used 50277K [0x00000000a4200000, 0x0000000100000000)
  region size 1024K, 38 young (38912K), 3 survivors (3072K)
 Metaspace       used 24293K, capacity 25178K, committed 25264K, reserved 1071104K
  class space    used 3438K, capacity 3774K, committed 3840K, reserved 1048576K
}
Event: 13.701 GC heap after
{Heap after GC invocations=11 (full 0):
 garbage-first heap   total 78848K, used 15838K [0x00000000a4200000, 0x0000000100000000)
  region size 1024K, 4 young (4096K), 4 survivors (4096K)
 Metaspace       used 24293K, capacity 25178K, committed 25264K, reserved 1071104K
  class space    used 3438K, capacity 3774K, committed 3840K, reserved 1048576K
}
Event: 19.899 GC heap before
{Heap before GC invocations=11 (full 0):
 garbage-first heap   total 78848K, used 58846K [0x00000000a4200000, 0x0000000100000000)
  region size 1024K, 46 young (47104K), 4 survivors (4096K)
 Metaspace       used 29869K, capacity 30916K, committed 31152K, reserved 1075200K
  class space    used 4108K, capacity 4503K, committed 4608K, reserved 1048576K
}
Event: 19.924 GC heap after
{Heap after GC invocations=12 (full 0):
 garbage-first heap   total 78848K, used 18568K [0x00000000a4200000, 0x0000000100000000)
  region size 1024K, 6 young (6144K), 6 survivors (6144K)
 Metaspace       used 29869K, capacity 30916K, committed 31152K, reserved 1075200K
  class space    used 4108K, capacity 4503K, committed 4608K, reserved 1048576K
}
Event: 22.540 GC heap before
{Heap before GC invocations=12 (full 0):
 garbage-first heap   total 78848K, used 59528K [0x00000000a4200000, 0x0000000100000000)
  region size 1024K, 46 young (47104K), 6 survivors (6144K)
 Metaspace       used 31512K, capacity 32672K, committed 32944K, reserved 1077248K
  class space    used 4348K, capacity 4817K, committed 4864K, reserved 1048576K
}
Event: 22.596 GC heap after
{Heap after GC invocations=13 (full 0):
 garbage-first heap   total 78848K, used 19541K [0x00000000a4200000, 0x0000000100000000)
  region size 1024K, 4 young (4096K), 4 survivors (4096K)
 Metaspace       used 31512K, capacity 32672K, committed 32944K, reserved 1077248K
  class space    used 4348K, capacity 4817K, committed 4864K, reserved 1048576K
}

